Assembler report for UART_RX
<<<<<<< HEAD
Tue Oct 31 19:13:57 2023
=======
Tue Oct 31 18:41:52 2023
>>>>>>> 72f4fca95261c138016a27815039e2292f3356ee
Quartus Prime Version 22.1std.2 Build 922 07/20/2023 SC Lite Edition


---------------------
; Table of Contents ;
---------------------
  1. Legal Notice
  2. Assembler Summary
  3. Assembler Settings
  4. Assembler Generated Files
  5. Assembler Device Options: C:/Users/agudd/OneDrive/Documents/Skole/IELET2113/my_designs/Prosjekt/IELET2113-prosjekt-iver-og-alvar/Fase1_RX/output_files/UART_RX.sof
  6. Assembler Messages



----------------
; Legal Notice ;
----------------
Copyright (C) 2023  Intel Corporation. All rights reserved.
Your use of Intel Corporation's design tools, logic functions 
and other software and tools, and any partner logic 
functions, and any output files from any of the foregoing 
(including device programming or simulation files), and any 
associated documentation or information are expressly subject 
to the terms and conditions of the Intel Program License 
Subscription Agreement, the Intel Quartus Prime License Agreement,
the Intel FPGA IP License Agreement, or other applicable license
agreement, including, without limitation, that your use is for
the sole purpose of programming logic devices manufactured by
Intel and sold by Intel or its authorized distributors.  Please
refer to the applicable agreement for further details, at
https://fpgasoftware.intel.com/eula.



+---------------------------------------------------------------+
; Assembler Summary                                             ;
+-----------------------+---------------------------------------+
<<<<<<< HEAD
; Assembler Status      ; Successful - Tue Oct 31 19:13:57 2023 ;
=======
; Assembler Status      ; Successful - Tue Oct 31 18:41:52 2023 ;
>>>>>>> 72f4fca95261c138016a27815039e2292f3356ee
; Revision Name         ; UART_RX                               ;
; Top-level Entity Name ; uart_rx                               ;
; Family                ; MAX 10                                ;
; Device                ; 10M08DAF484C8G                        ;
+-----------------------+---------------------------------------+


+----------------------------------+
; Assembler Settings               ;
+--------+---------+---------------+
; Option ; Setting ; Default Value ;
+--------+---------+---------------+


+------------------------------------------------------------------------------------------------------------------------------------------+
; Assembler Generated Files                                                                                                                ;
+------------------------------------------------------------------------------------------------------------------------------------------+
; File Name                                                                                                                                ;
+------------------------------------------------------------------------------------------------------------------------------------------+
; C:/Users/agudd/OneDrive/Documents/Skole/IELET2113/my_designs/Prosjekt/IELET2113-prosjekt-iver-og-alvar/Fase1_RX/output_files/UART_RX.sof ;
+------------------------------------------------------------------------------------------------------------------------------------------+


+--------------------------------------------------------------------------------------------------------------------------------------------------------------------+
; Assembler Device Options: C:/Users/agudd/OneDrive/Documents/Skole/IELET2113/my_designs/Prosjekt/IELET2113-prosjekt-iver-og-alvar/Fase1_RX/output_files/UART_RX.sof ;
+----------------+---------------------------------------------------------------------------------------------------------------------------------------------------+
; Option         ; Setting                                                                                                                                           ;
+----------------+---------------------------------------------------------------------------------------------------------------------------------------------------+
; JTAG usercode  ; 0x000728CE                                                                                                                                        ;
; Checksum       ; 0x000728CE                                                                                                                                        ;
+----------------+---------------------------------------------------------------------------------------------------------------------------------------------------+


+--------------------+
; Assembler Messages ;
+--------------------+
Info: *******************************************************************
Info: Running Quartus Prime Assembler
    Info: Version 22.1std.2 Build 922 07/20/2023 SC Lite Edition
<<<<<<< HEAD
    Info: Processing started: Tue Oct 31 19:13:56 2023
=======
    Info: Processing started: Tue Oct 31 18:41:51 2023
>>>>>>> 72f4fca95261c138016a27815039e2292f3356ee
Info: Command: quartus_asm --read_settings_files=off --write_settings_files=off UART_RX -c UART_RX
Warning (18236): Number of processors has not been specified which may cause overloading on shared machines.  Set the global assignment NUM_PARALLEL_PROCESSORS in your QSF to an appropriate value for best performance.
Info (115031): Writing out detailed assembly data for power analysis
Info (115030): Assembler is generating device programming files
Info: Quartus Prime Assembler was successful. 0 errors, 1 warning
<<<<<<< HEAD
    Info: Peak virtual memory: 4704 megabytes
    Info: Processing ended: Tue Oct 31 19:13:57 2023
    Info: Elapsed time: 00:00:01
    Info: Total CPU time (on all processors): 00:00:00
=======
    Info: Peak virtual memory: 4701 megabytes
    Info: Processing ended: Tue Oct 31 18:41:52 2023
    Info: Elapsed time: 00:00:01
    Info: Total CPU time (on all processors): 00:00:01
>>>>>>> 72f4fca95261c138016a27815039e2292f3356ee


